TN:
SF:app.js
FN:2,(anonymous_0)
FN:8,(anonymous_1)
FN:23,(anonymous_2)
FN:38,(anonymous_3)
FNF:4
FNH:4
FNDA:15,(anonymous_0)
FNDA:6,(anonymous_1)
FNDA:6,(anonymous_2)
FNDA:6,(anonymous_3)
DA:3,15
DA:8,1
DA:9,6
DA:10,3
DA:13,3
DA:14,2
DA:18,1
DA:20,1
DA:23,1
DA:24,6
DA:25,3
DA:28,3
DA:29,2
DA:33,1
DA:35,1
DA:38,1
DA:39,6
DA:40,3
DA:43,3
DA:44,2
DA:48,1
DA:50,1
DA:53,1
LF:23
LH:23
BRDA:9,0,0,3
BRDA:9,0,1,3
BRDA:13,1,0,2
BRDA:13,1,1,1
BRDA:24,2,0,3
BRDA:24,2,1,3
BRDA:28,3,0,2
BRDA:28,3,1,1
BRDA:39,4,0,3
BRDA:39,4,1,3
BRDA:43,5,0,2
BRDA:43,5,1,1
BRF:12
BRH:12
end_of_record
